0 info it worked if it ends with ok
1 verbose cli [ '/home/arshad/.nvm/versions/node/v6.9.5/bin/node',
1 verbose cli   '/home/arshad/.nvm/versions/node/v6.9.5/bin/npm',
1 verbose cli   'run',
1 verbose cli   'fix-lint-errors' ]
2 info using npm@3.10.10
3 info using node@v6.9.5
4 verbose run-script [ 'prefix-lint-errors',
4 verbose run-script   'fix-lint-errors',
4 verbose run-script   'postfix-lint-errors' ]
5 info lifecycle gsoc-convert-xul-to-html@1.0.0~prefix-lint-errors: gsoc-convert-xul-to-html@1.0.0
6 silly lifecycle gsoc-convert-xul-to-html@1.0.0~prefix-lint-errors: no script for prefix-lint-errors, continuing
7 info lifecycle gsoc-convert-xul-to-html@1.0.0~fix-lint-errors: gsoc-convert-xul-to-html@1.0.0
8 verbose lifecycle gsoc-convert-xul-to-html@1.0.0~fix-lint-errors: unsafe-perm in lifecycle true
9 verbose lifecycle gsoc-convert-xul-to-html@1.0.0~fix-lint-errors: PATH: /home/arshad/.nvm/versions/node/v6.9.5/lib/node_modules/npm/bin/node-gyp-bin:/home/arshad/Documents/gr/gsoc-17/node_modules/.bin:/home/arshad/Documents/gr/gsoc-17/node_modules/.bin:/home/arshad/.config/yarn/link/node_modules/.bin:/home/arshad/Documents/gr/gsoc-17/node_modules/.bin:/home/arshad/.config/yarn/link/node_modules/.bin:/home/arshad/.nvm/versions/node/v6.9.5/lib/node_modules/yarn/bin/node-gyp-bin:/home/arshad/.nvm/versions/node/v6.9.5/bin:/home/arshad/.cargo/bin:/home/arshad/bin:/home/arshad/.local/bin:/usr/local/sbin:/usr/local/bin:/usr/sbin:/usr/bin:/sbin:/bin:/usr/games:/usr/local/games:/home/arshad/.cargo/bin:/home/arshad
10 verbose lifecycle gsoc-convert-xul-to-html@1.0.0~fix-lint-errors: CWD: /home/arshad/Documents/gr/gsoc-17
11 silly lifecycle gsoc-convert-xul-to-html@1.0.0~fix-lint-errors: Args: [ '-c', 'eslint --fix dist' ]
12 silly lifecycle gsoc-convert-xul-to-html@1.0.0~fix-lint-errors: Returned: code: 1  signal: null
13 info lifecycle gsoc-convert-xul-to-html@1.0.0~fix-lint-errors: Failed to exec fix-lint-errors script
14 verbose stack Error: gsoc-convert-xul-to-html@1.0.0 fix-lint-errors: `eslint --fix dist`
14 verbose stack Exit status 1
14 verbose stack     at EventEmitter.<anonymous> (/home/arshad/.nvm/versions/node/v6.9.5/lib/node_modules/npm/lib/utils/lifecycle.js:255:16)
14 verbose stack     at emitTwo (events.js:106:13)
14 verbose stack     at EventEmitter.emit (events.js:191:7)
14 verbose stack     at ChildProcess.<anonymous> (/home/arshad/.nvm/versions/node/v6.9.5/lib/node_modules/npm/lib/utils/spawn.js:40:14)
14 verbose stack     at emitTwo (events.js:106:13)
14 verbose stack     at ChildProcess.emit (events.js:191:7)
14 verbose stack     at maybeClose (internal/child_process.js:877:16)
14 verbose stack     at Process.ChildProcess._handle.onexit (internal/child_process.js:226:5)
15 verbose pkgid gsoc-convert-xul-to-html@1.0.0
16 verbose cwd /home/arshad/Documents/gr/gsoc-17
17 error Linux 4.4.0-78-generic
18 error argv "/home/arshad/.nvm/versions/node/v6.9.5/bin/node" "/home/arshad/.nvm/versions/node/v6.9.5/bin/npm" "run" "fix-lint-errors"
19 error node v6.9.5
20 error npm  v3.10.10
21 error code ELIFECYCLE
22 error gsoc-convert-xul-to-html@1.0.0 fix-lint-errors: `eslint --fix dist`
22 error Exit status 1
23 error Failed at the gsoc-convert-xul-to-html@1.0.0 fix-lint-errors script 'eslint --fix dist'.
23 error Make sure you have the latest version of node.js and npm installed.
23 error If you do, this is most likely a problem with the gsoc-convert-xul-to-html package,
23 error not with npm itself.
23 error Tell the author that this fails on your system:
23 error     eslint --fix dist
23 error You can get information on how to open an issue for this project with:
23 error     npm bugs gsoc-convert-xul-to-html
23 error Or if that isn't available, you can get their info via:
23 error     npm owner ls gsoc-convert-xul-to-html
23 error There is likely additional logging output above.
24 verbose exit [ 1, true ]
